<?xml version="1.0" encoding="UTF-8"?>
<!-- Generated by org.testng.reporters.JUnitXMLReporter -->
<testsuite hostname="DESKTOP-6DLV9PP" ignored="0" name="Sprint-Tests" tests="96" failures="5" timestamp="14 Dec 2021 23:52:52 GMT" time="20455.952" errors="0">
  <testcase name="test_LA14846" time="119.022" classname="com.livingtree.tests.LA14846"/>
  <testcase name="test_LQ1057" time="153.589" classname="com.livingtree.tests.LQ1057"/>
  <testcase name="test_LQ1117" time="165.367" classname="com.livingtree.tests.LQ1117"/>
  <testcase name="test_LQ1929" time="89.647" classname="com.livingtree.tests.LQ1929"/>
  <testcase name="test_LQ1935" time="165.848" classname="com.livingtree.tests.LQ1935"/>
  <testcase name="test_LQ2021" time="207.036" classname="com.livingtree.tests.LQ2021"/>
  <testcase name="test_LQ2067" time="99.215" classname="com.livingtree.tests.LQ2067"/>
  <testcase name="test_LQ2136" time="205.359" classname="com.livingtree.tests.LQ2136"/>
  <testcase name="test_LQ2142" time="201.123" classname="com.livingtree.tests.LQ2142"/>
  <testcase name="test_LQ2164" time="107.836" classname="com.livingtree.tests.LQ2164"/>
  <testcase name="test_LQ2165" time="101.427" classname="com.livingtree.tests.LQ2165"/>
  <testcase name="test_LQ2179" time="157.495" classname="com.livingtree.tests.LQ2179"/>
  <testcase name="test_LQ2180" time="108.792" classname="com.livingtree.tests.LQ2180"/>
  <testcase name="test_LQ2192" time="182.502" classname="com.livingtree.tests.LQ2192"/>
  <testcase name="test_LQ2202" time="173.073" classname="com.livingtree.tests.LQ2202"/>
  <testcase name="test_LQ2742" time="200.031" classname="com.livingtree.tests.LQ2742"/>
  <testcase name="test_LQ2748" time="202.303" classname="com.livingtree.tests.LQ2748"/>
  <testcase name="test_LQ2749" time="200.813" classname="com.livingtree.tests.LQ2749"/>
  <testcase name="test_LQ2572" time="201.411" classname="com.livingtree.tests.LQ2752"/>
  <testcase name="test_LQ3130" time="246.044" classname="com.livingtree.tests.LQ3130"/>
  <testcase name="test_LQ3299" time="62.114" classname="com.livingtree.tests.LQ3299"/>
  <testcase name="test_LQ3665" time="169.318" classname="com.livingtree.tests.LQ3665"/>
  <testcase name="test_LQ3667" time="204.799" classname="com.livingtree.tests.LQ3667"/>
  <testcase name="test_LQ4084" time="155.079" classname="com.livingtree.tests.LQ4084"/>
  <testcase name="test_LQ4094" time="155.923" classname="com.livingtree.tests.LQ4094"/>
  <testcase name="test_LQ4141" time="68.825" classname="com.livingtree.tests.LQ4141"/>
  <testcase name="test_LQ4190" time="287.703" classname="com.livingtree.tests.LQ4190"/>
  <testcase name="test_LQ4191" time="244.954" classname="com.livingtree.tests.LQ4191"/>
  <testcase name="test_LQ4195" time="139.056" classname="com.livingtree.tests.LQ4195"/>
  <testcase name="test_LQ4198" time="100.865" classname="com.livingtree.tests.LQ4198"/>
  <testcase name="test_LQ4201" time="20.655" classname="com.livingtree.tests.LQ4201">
    <failure type="java.lang.AssertionError" message="element click intercepted: Element is not clickable at point (1322, 1124)
  (Session info: chrome=96.0.4664.93)
Build info: version: &amp;apos;3.141.59&amp;apos;, revision: &amp;apos;e82be7d358&amp;apos;, time: &amp;apos;2018-11-14T08:17:03&amp;apos;
System info: host: &amp;apos;DESKTOP-6DLV9PP&amp;apos;, ip: &amp;apos;192.168.0.103&amp;apos;, os.name: &amp;apos;Windows 10&amp;apos;, os.arch: &amp;apos;amd64&amp;apos;, os.version: &amp;apos;10.0&amp;apos;, java.version: &amp;apos;1.8.0_271&amp;apos;
Driver info: org.openqa.selenium.chrome.ChromeDriver
Capabilities {acceptInsecureCerts: false, browserName: chrome, browserVersion: 96.0.4664.93, chrome: {chromedriverVersion: 96.0.4664.45 (76e4c1bb2ab46..., userDataDir: C:\Users\DELL\AppData\Local...}, goog:chromeOptions: {debuggerAddress: localhost:58136}, javascriptEnabled: true, networkConnectionEnabled: false, pageLoadStrategy: normal, platform: WINDOWS, platformName: WINDOWS, proxy: Proxy(), setWindowRect: true, strictFileInteractability: false, timeouts: {implicit: 0, pageLoad: 300000, script: 30000}, unhandledPromptBehavior: dismiss and notify, webauthn:extension:credBlob: true, webauthn:extension:largeBlob: true, webauthn:virtualAuthenticators: true}
Session ID: 336c8df573a50213ddaa756c2e436a3a">
      <![CDATA[java.lang.AssertionError: element click intercepted: Element is not clickable at point (1322, 1124)
  (Session info: chrome=96.0.4664.93)
Build info: version: '3.141.59', revision: 'e82be7d358', time: '2018-11-14T08:17:03'
System info: host: 'DESKTOP-6DLV9PP', ip: '192.168.0.103', os.name: 'Windows 10', os.arch: 'amd64', os.version: '10.0', java.version: '1.8.0_271'
Driver info: org.openqa.selenium.chrome.ChromeDriver
Capabilities {acceptInsecureCerts: false, browserName: chrome, browserVersion: 96.0.4664.93, chrome: {chromedriverVersion: 96.0.4664.45 (76e4c1bb2ab46..., userDataDir: C:\Users\DELL\AppData\Local...}, goog:chromeOptions: {debuggerAddress: localhost:58136}, javascriptEnabled: true, networkConnectionEnabled: false, pageLoadStrategy: normal, platform: WINDOWS, platformName: WINDOWS, proxy: Proxy(), setWindowRect: true, strictFileInteractability: false, timeouts: {implicit: 0, pageLoad: 300000, script: 30000}, unhandledPromptBehavior: dismiss and notify, webauthn:extension:credBlob: true, webauthn:extension:largeBlob: true, webauthn:virtualAuthenticators: true}
Session ID: 336c8df573a50213ddaa756c2e436a3a
at com.livingtree.tests.LQ4201.test_LQ4201(LQ4201.java:32)
at suite.runner.CustomSuiteRunner.suiteRunner(CustomSuiteRunner.java:188)
... Removed 51 stack frames]]>
    </failure>
  </testcase> <!-- test_LQ4201 -->
  <testcase name="test_LQ4268" time="97.423" classname="com.livingtree.tests.LQ4268"/>
  <testcase name="test_LQ4321" time="41.294" classname="com.livingtree.tests.LQ4321"/>
  <testcase name="test_LQ4327FilePost" time="260.957" classname="com.livingtree.tests.LQ4327_FilePost"/>
  <testcase name="test_LQ4327MessagePost" time="211.714" classname="com.livingtree.tests.LQ4327_MessagePost"/>
  <testcase name="test_LQ4327PhotoPost" time="231.007" classname="com.livingtree.tests.LQ4327_PhotoPost"/>
  <testcase name="test_LQ4327ScheduleFilePost" time="396.554" classname="com.livingtree.tests.LQ4327_ScheduleFilePost"/>
  <testcase name="test_LQ4327ScheduleMessagePost" time="394.084" classname="com.livingtree.tests.LQ4327_ScheduleMessagePost"/>
  <testcase name="test_LQ4327SchedulePhotoPost" time="369.033" classname="com.livingtree.tests.LQ4327_SchedulePhotoPost"/>
  <testcase name="test_LQ4327ScheduleVideoPost" time="260.405" classname="com.livingtree.tests.LQ4327_ScheduleVideoPost"/>
  <testcase name="test_LQ4327VideoPost" time="307.934" classname="com.livingtree.tests.LQ4327_VideoPost"/>
  <testcase name="test_LQ4328FilePost" time="461.425" classname="com.livingtree.tests.LQ4328_FilePost"/>
  <testcase name="test_LQ4328MessagePost" time="388.6" classname="com.livingtree.tests.LQ4328_MessagePost"/>
  <testcase name="test_LQ4328PhotoPost" time="378.645" classname="com.livingtree.tests.LQ4328_PhotoPost"/>
  <testcase name="test_LQ4328ScheduleFilePost" time="710.685" classname="com.livingtree.tests.LQ4328_ScheduleFilePost"/>
  <testcase name="test_LQ4328ScheduleMessagePost" time="337.528" classname="com.livingtree.tests.LQ4328_ScheduleMessagePost"/>
  <testcase name="test_LQ4328SchedulePhotoPost" time="665.409" classname="com.livingtree.tests.LQ4328_SchedulePhotoPost"/>
  <testcase name="test_LQ4328ScheduleVideoPost" time="549.821" classname="com.livingtree.tests.LQ4328_ScheduleVideoPost"/>
  <testcase name="test_LQ4328VideoPost" time="613.724" classname="com.livingtree.tests.LQ4328_VideoPost"/>
  <testcase name="test_LQ4329FilePost" time="335.778" classname="com.livingtree.tests.LQ4329_FilePost"/>
  <testcase name="test_LQ4329MessagePost" time="174.989" classname="com.livingtree.tests.LQ4329_MessagePost"/>
  <testcase name="test_LQ4329PhotoPost" time="307.522" classname="com.livingtree.tests.LQ4329_PhotoPost"/>
  <testcase name="test_LQ4329ScheduleFilePost" time="363.032" classname="com.livingtree.tests.LQ4329_ScheduleFilePost"/>
  <testcase name="test_LQ4329ScheduleMessagePost" time="353.286" classname="com.livingtree.tests.LQ4329_ScheduleMessagePost"/>
  <testcase name="test_LQ4329SchedulePhotoPost" time="363.739" classname="com.livingtree.tests.LQ4329_SchedulePhotoPost"/>
  <testcase name="test_LQ4329ScheduleVideoPost" time="529.095" classname="com.livingtree.tests.LQ4329_ScheduleVideoPost"/>
  <testcase name="test_LQ4329VideoPost" time="380.706" classname="com.livingtree.tests.LQ4329_VideoPost"/>
  <testcase name="test_LQ4340" time="172.656" classname="com.livingtree.tests.LQ4340"/>
  <testcase name="test_LQ4343" time="118.844" classname="com.livingtree.tests.LQ4343"/>
  <testcase name="test_LQ4446" time="203.859" classname="com.livingtree.tests.LQ4446"/>
  <testcase name="test_LQ4450" time="198.669" classname="com.livingtree.tests.LQ4450"/>
  <testcase name="test_LQ4525" time="140.843" classname="com.livingtree.tests.LQ4525"/>
  <testcase name="test_LQ4539" time="96.424" classname="com.livingtree.tests.LQ4539"/>
  <testcase name="test_LQ4668" time="210.915" classname="com.livingtree.tests.LQ4668"/>
  <testcase name="test_LQ4673" time="175.909" classname="com.livingtree.tests.LQ4673"/>
  <testcase name="test_LQ4726" time="147.026" classname="com.livingtree.tests.LQ4726"/>
  <testcase name="test_LQ4727" time="283.726" classname="com.livingtree.tests.LQ4727"/>
  <testcase name="test_LQ4736" time="79.11" classname="com.livingtree.tests.LQ4736"/>
  <testcase name="test_LQ4737" time="62.578" classname="com.livingtree.tests.LQ4737"/>
  <testcase name="test_LQ4819" time="471.381" classname="com.livingtree.tests.LQ4819"/>
  <testcase name="test_LQ4820" time="582.618" classname="com.livingtree.tests.LQ4820"/>
  <testcase name="test_LQ4920" time="236.684" classname="com.livingtree.tests.LQ4920"/>
  <testcase name="test_LQ5068" time="44.489" classname="com.livingtree.tests.LQ5068"/>
  <testcase name="test_LQ5173" time="371.79" classname="com.livingtree.tests.LQ5173"/>
  <testcase name="test_LQ5174" time="158.741" classname="com.livingtree.tests.LQ5174">
    <failure type="java.lang.AssertionError" message="For input string: &amp;quot;&amp;quot;">
      <![CDATA[java.lang.AssertionError: For input string: ""
at com.livingtree.tests.LQ5174.test_LQ5174(LQ5174.java:42)
at suite.runner.CustomSuiteRunner.suiteRunner(CustomSuiteRunner.java:188)
... Removed 51 stack frames]]>
    </failure>
  </testcase> <!-- test_LQ5174 -->
  <testcase name="test_LQ5188" time="136.539" classname="com.livingtree.tests.LQ5188"/>
  <testcase name="test_LQ5190" time="132.593" classname="com.livingtree.tests.LQ5190"/>
  <testcase name="test_LQ5217" time="127.235" classname="com.livingtree.tests.LQ5217"/>
  <testcase name="test_LQ5218" time="42.662" classname="com.livingtree.tests.LQ5218"/>
  <testcase name="test_LQ5219" time="55.388" classname="com.livingtree.tests.LQ5219"/>
  <testcase name="test_LQ5220" time="47.416" classname="com.livingtree.tests.LQ5220"/>
  <testcase name="test_LQ5230" time="41.614" classname="com.livingtree.tests.LQ5230"/>
  <testcase name="test_LQ5243" time="41.228" classname="com.livingtree.tests.LQ5243"/>
  <testcase name="test_LQ5246" time="135.814" classname="com.livingtree.tests.LQ5246"/>
  <testcase name="test_LQ5248" time="68.148" classname="com.livingtree.tests.LQ5248"/>
  <testcase name="test_LQ5257" time="92.56" classname="com.livingtree.tests.LQ5257"/>
  <testcase name="test_LQ5275" time="382.099" classname="com.livingtree.tests.LQ5275"/>
  <testcase name="test_LQ5300" time="128.538" classname="com.livingtree.tests.LQ5300"/>
  <testcase name="test_LQ5307" time="46.23" classname="com.livingtree.tests.LQ5307"/>
  <testcase name="test_LQ5334" time="69.856" classname="com.livingtree.tests.LQ5334">
    <failure type="java.lang.AssertionError" message="no such alert
  (Session info: chrome=96.0.4664.93)
Build info: version: &amp;apos;3.141.59&amp;apos;, revision: &amp;apos;e82be7d358&amp;apos;, time: &amp;apos;2018-11-14T08:17:03&amp;apos;
System info: host: &amp;apos;DESKTOP-6DLV9PP&amp;apos;, ip: &amp;apos;192.168.0.103&amp;apos;, os.name: &amp;apos;Windows 10&amp;apos;, os.arch: &amp;apos;amd64&amp;apos;, os.version: &amp;apos;10.0&amp;apos;, java.version: &amp;apos;1.8.0_271&amp;apos;
Driver info: org.openqa.selenium.chrome.ChromeDriver
Capabilities {acceptInsecureCerts: false, browserName: chrome, browserVersion: 96.0.4664.93, chrome: {chromedriverVersion: 96.0.4664.45 (76e4c1bb2ab46..., userDataDir: C:\Users\DELL\AppData\Local...}, goog:chromeOptions: {debuggerAddress: localhost:63934}, javascriptEnabled: true, networkConnectionEnabled: false, pageLoadStrategy: normal, platform: WINDOWS, platformName: WINDOWS, proxy: Proxy(), setWindowRect: true, strictFileInteractability: false, timeouts: {implicit: 0, pageLoad: 300000, script: 30000}, unhandledPromptBehavior: dismiss and notify, webauthn:extension:credBlob: true, webauthn:extension:largeBlob: true, webauthn:virtualAuthenticators: true}
Session ID: 74c5abb7d2fb861204d3fb154b2da9a8">
      <![CDATA[java.lang.AssertionError: no such alert
  (Session info: chrome=96.0.4664.93)
Build info: version: '3.141.59', revision: 'e82be7d358', time: '2018-11-14T08:17:03'
System info: host: 'DESKTOP-6DLV9PP', ip: '192.168.0.103', os.name: 'Windows 10', os.arch: 'amd64', os.version: '10.0', java.version: '1.8.0_271'
Driver info: org.openqa.selenium.chrome.ChromeDriver
Capabilities {acceptInsecureCerts: false, browserName: chrome, browserVersion: 96.0.4664.93, chrome: {chromedriverVersion: 96.0.4664.45 (76e4c1bb2ab46..., userDataDir: C:\Users\DELL\AppData\Local...}, goog:chromeOptions: {debuggerAddress: localhost:63934}, javascriptEnabled: true, networkConnectionEnabled: false, pageLoadStrategy: normal, platform: WINDOWS, platformName: WINDOWS, proxy: Proxy(), setWindowRect: true, strictFileInteractability: false, timeouts: {implicit: 0, pageLoad: 300000, script: 30000}, unhandledPromptBehavior: dismiss and notify, webauthn:extension:credBlob: true, webauthn:extension:largeBlob: true, webauthn:virtualAuthenticators: true}
Session ID: 74c5abb7d2fb861204d3fb154b2da9a8
at com.livingtree.tests.LQ5334.test_LQ5334(LQ5334.java:35)
at suite.runner.CustomSuiteRunner.suiteRunner(CustomSuiteRunner.java:188)
... Removed 51 stack frames]]>
    </failure>
  </testcase> <!-- test_LQ5334 -->
  <testcase name="test_LQ5335" time="49.4" classname="com.livingtree.tests.LQ5335"/>
  <testcase name="test_LQ5347" time="43.182" classname="com.livingtree.tests.LQ5347">
    <failure type="java.lang.AssertionError" message="no such element: Unable to locate element: {&amp;quot;method&amp;quot;:&amp;quot;xpath&amp;quot;,&amp;quot;selector&amp;quot;:&amp;quot;//span/a[@title=&amp;apos;8_ALL&amp;apos;]&amp;quot;}
  (Session info: chrome=96.0.4664.93)
For documentation on this error, please visit: https://www.seleniumhq.org/exceptions/no_such_element.html
Build info: version: &amp;apos;3.141.59&amp;apos;, revision: &amp;apos;e82be7d358&amp;apos;, time: &amp;apos;2018-11-14T08:17:03&amp;apos;
System info: host: &amp;apos;DESKTOP-6DLV9PP&amp;apos;, ip: &amp;apos;192.168.0.103&amp;apos;, os.name: &amp;apos;Windows 10&amp;apos;, os.arch: &amp;apos;amd64&amp;apos;, os.version: &amp;apos;10.0&amp;apos;, java.version: &amp;apos;1.8.0_271&amp;apos;
Driver info: org.openqa.selenium.chrome.ChromeDriver
Capabilities {acceptInsecureCerts: false, browserName: chrome, browserVersion: 96.0.4664.93, chrome: {chromedriverVersion: 96.0.4664.45 (76e4c1bb2ab46..., userDataDir: C:\Users\DELL\AppData\Local...}, goog:chromeOptions: {debuggerAddress: localhost:64102}, javascriptEnabled: true, networkConnectionEnabled: false, pageLoadStrategy: normal, platform: WINDOWS, platformName: WINDOWS, proxy: Proxy(), setWindowRect: true, strictFileInteractability: false, timeouts: {implicit: 0, pageLoad: 300000, script: 30000}, unhandledPromptBehavior: dismiss and notify, webauthn:extension:credBlob: true, webauthn:extension:largeBlob: true, webauthn:virtualAuthenticators: true}
Session ID: 0e0f1d1a73fe15fd5ad07260d5ef8876
*** Element info: {Using=xpath, value=//span/a[@title=&amp;apos;8_ALL&amp;apos;]}">
      <![CDATA[java.lang.AssertionError: no such element: Unable to locate element: {"method":"xpath","selector":"//span/a[@title='8_ALL']"}
  (Session info: chrome=96.0.4664.93)
For documentation on this error, please visit: https://www.seleniumhq.org/exceptions/no_such_element.html
Build info: version: '3.141.59', revision: 'e82be7d358', time: '2018-11-14T08:17:03'
System info: host: 'DESKTOP-6DLV9PP', ip: '192.168.0.103', os.name: 'Windows 10', os.arch: 'amd64', os.version: '10.0', java.version: '1.8.0_271'
Driver info: org.openqa.selenium.chrome.ChromeDriver
Capabilities {acceptInsecureCerts: false, browserName: chrome, browserVersion: 96.0.4664.93, chrome: {chromedriverVersion: 96.0.4664.45 (76e4c1bb2ab46..., userDataDir: C:\Users\DELL\AppData\Local...}, goog:chromeOptions: {debuggerAddress: localhost:64102}, javascriptEnabled: true, networkConnectionEnabled: false, pageLoadStrategy: normal, platform: WINDOWS, platformName: WINDOWS, proxy: Proxy(), setWindowRect: true, strictFileInteractability: false, timeouts: {implicit: 0, pageLoad: 300000, script: 30000}, unhandledPromptBehavior: dismiss and notify, webauthn:extension:credBlob: true, webauthn:extension:largeBlob: true, webauthn:virtualAuthenticators: true}
Session ID: 0e0f1d1a73fe15fd5ad07260d5ef8876
*** Element info: {Using=xpath, value=//span/a[@title='8_ALL']}
at com.livingtree.tests.LQ5347.test_LQ5347(LQ5347.java:32)
at suite.runner.CustomSuiteRunner.suiteRunner(CustomSuiteRunner.java:188)
... Removed 51 stack frames]]>
    </failure>
  </testcase> <!-- test_LQ5347 -->
  <testcase name="test_LQ5363" time="55.784" classname="com.livingtree.tests.LQ5363"/>
  <testcase name="test_LQ5397" time="60.259" classname="com.livingtree.tests.LQ5397"/>
  <testcase name="test_LQ5398" time="61.267" classname="com.livingtree.tests.LQ5398"/>
  <testcase name="test_LQ5410" time="104.94" classname="com.livingtree.tests.LQ5410">
    <failure type="java.lang.AssertionError" message="no such element: Unable to locate element: {&amp;quot;method&amp;quot;:&amp;quot;xpath&amp;quot;,&amp;quot;selector&amp;quot;:&amp;quot;//span/following-sibling::div/ul/li[1]/span[@data-group_name=&amp;apos;10_ALL&amp;apos;]&amp;quot;}
  (Session info: chrome=96.0.4664.93)
For documentation on this error, please visit: https://www.seleniumhq.org/exceptions/no_such_element.html
Build info: version: &amp;apos;3.141.59&amp;apos;, revision: &amp;apos;e82be7d358&amp;apos;, time: &amp;apos;2018-11-14T08:17:03&amp;apos;
System info: host: &amp;apos;DESKTOP-6DLV9PP&amp;apos;, ip: &amp;apos;192.168.0.103&amp;apos;, os.name: &amp;apos;Windows 10&amp;apos;, os.arch: &amp;apos;amd64&amp;apos;, os.version: &amp;apos;10.0&amp;apos;, java.version: &amp;apos;1.8.0_271&amp;apos;
Driver info: org.openqa.selenium.chrome.ChromeDriver
Capabilities {acceptInsecureCerts: false, browserName: chrome, browserVersion: 96.0.4664.93, chrome: {chromedriverVersion: 96.0.4664.45 (76e4c1bb2ab46..., userDataDir: C:\Users\DELL\AppData\Local...}, goog:chromeOptions: {debuggerAddress: localhost:64401}, javascriptEnabled: true, networkConnectionEnabled: false, pageLoadStrategy: normal, platform: WINDOWS, platformName: WINDOWS, proxy: Proxy(), setWindowRect: true, strictFileInteractability: false, timeouts: {implicit: 0, pageLoad: 300000, script: 30000}, unhandledPromptBehavior: dismiss and notify, webauthn:extension:credBlob: true, webauthn:extension:largeBlob: true, webauthn:virtualAuthenticators: true}
Session ID: a47cccb14817b2be249d2586b04e7128
*** Element info: {Using=xpath, value=//span/following-sibling::div/ul/li[1]/span[@data-group_name=&amp;apos;10_ALL&amp;apos;]}">
      <![CDATA[java.lang.AssertionError: no such element: Unable to locate element: {"method":"xpath","selector":"//span/following-sibling::div/ul/li[1]/span[@data-group_name='10_ALL']"}
  (Session info: chrome=96.0.4664.93)
For documentation on this error, please visit: https://www.seleniumhq.org/exceptions/no_such_element.html
Build info: version: '3.141.59', revision: 'e82be7d358', time: '2018-11-14T08:17:03'
System info: host: 'DESKTOP-6DLV9PP', ip: '192.168.0.103', os.name: 'Windows 10', os.arch: 'amd64', os.version: '10.0', java.version: '1.8.0_271'
Driver info: org.openqa.selenium.chrome.ChromeDriver
Capabilities {acceptInsecureCerts: false, browserName: chrome, browserVersion: 96.0.4664.93, chrome: {chromedriverVersion: 96.0.4664.45 (76e4c1bb2ab46..., userDataDir: C:\Users\DELL\AppData\Local...}, goog:chromeOptions: {debuggerAddress: localhost:64401}, javascriptEnabled: true, networkConnectionEnabled: false, pageLoadStrategy: normal, platform: WINDOWS, platformName: WINDOWS, proxy: Proxy(), setWindowRect: true, strictFileInteractability: false, timeouts: {implicit: 0, pageLoad: 300000, script: 30000}, unhandledPromptBehavior: dismiss and notify, webauthn:extension:credBlob: true, webauthn:extension:largeBlob: true, webauthn:virtualAuthenticators: true}
Session ID: a47cccb14817b2be249d2586b04e7128
*** Element info: {Using=xpath, value=//span/following-sibling::div/ul/li[1]/span[@data-group_name='10_ALL']}
at com.livingtree.tests.LQ5410.test_LQ5410(LQ5410.java:37)
at suite.runner.CustomSuiteRunner.suiteRunner(CustomSuiteRunner.java:188)
... Removed 51 stack frames]]>
    </failure>
  </testcase> <!-- test_LQ5410 -->
</testsuite> <!-- Sprint-Tests -->
